#
# A fatal error has been detected by the Java Runtime Environment:
#
#  Internal Error (./open/src/hotspot/share/oops/generateOopMap.cpp:2170), pid=13756, tid=9032
#  fatal error: Illegal class file encountered. Try running with -Xverify:all in method updateUsuarios
#
# JRE version: Java(TM) SE Runtime Environment 18.9 (11.0.22+9) (build 11.0.22+9-LTS-219)
# Java VM: Java HotSpot(TM) 64-Bit Server VM 18.9 (11.0.22+9-LTS-219, mixed mode, tiered, compressed oops, g1 gc, windows-amd64)
# No core dump will be written. Minidumps are not enabled by default on client versions of Windows
#
# If you would like to submit a bug report, please visit:
#   https://bugreport.java.com/bugreport/crash.jsp
#

---------------  S U M M A R Y ------------

Command Line: -agentlib:jdwp=transport=dt_socket,suspend=y,address=localhost:54988 -javaagent:C:\eclipse\configuration\org.eclipse.osgi\424\0\.cp\lib\javaagent-shaded.jar -Dfile.encoding=UTF-8 ec.com.rgt.sair.dao.ConexionADAM

Host: Intel(R) Core(TM) i5-7200U CPU @ 2.50GHz, 4 cores, 7G,  Windows 10 , 64 bit Build 19041 (10.0.19041.3636)
Time: Wed Apr 24 20:45:29 2024 Hora estándar central (México) elapsed time: 3522.884990 seconds (0d 0h 58m 42s)

---------------  T H R E A D  ---------------

Current thread (0x00000204eef63800):  GCTaskThread "GC Thread#1" [stack: 0x000000a562300000,0x000000a562400000] [id=9032]

Stack: [0x000000a562300000,0x000000a562400000]
[error occurred during error reporting (printing stack bounds), id 0xc0000005, EXCEPTION_ACCESS_VIOLATION (0xc0000005) at pc=0x00000204d7a10f2d]

Native frames: (J=compiled Java code, j=interpreted, Vv=VM code, C=native code)
V  [jvm.dll+0x66055a]
V  [jvm.dll+0x7a367f]
V  [jvm.dll+0x7a4d49]
V  [jvm.dll+0x7a5345]
V  [jvm.dll+0x7a52fb]
V  [jvm.dll+0x65fa63]
V  [jvm.dll+0x660158]
C  [ntdll.dll+0xa23af]
C  [ntdll.dll+0x514b4]
C  [ntdll.dll+0xa0ebe]
C  0x00000204d7a10f2d

JavaThread 0x00000204d0312800 (nid = 3032) was being processed
Java frames: (J=compiled Java code, j=interpreted, Vv=VM code)
j  ec.com.rgt.sair.dao.HibernateUtiles.<clinit>()V+52
v  ~StubRoutines::call_stub
j  ec.com.rgt.sair.dao.DAO.currentSession()Lorg/hibernate/Session;+0
j  ec.com.rgt.sair.dao.DAO.getSession()Lorg/hibernate/Session;+0
j  ec.com.rgt.sair.dao.DAO.find(Ljava/lang/String;)Ljava/util/List;+2
j  ec.com.rgt.sair.dao.UtilsDAO.savelog(Ljava/lang/String;Ljava/lang/String;Ljava/lang/String;Ljava/lang/String;ILjava/lang/String;Ljava/lang/String;I)V+100
j  ec.com.rgt.sair.controller.XmlParse.getTrama(Ljava/lang/String;)Ljava/lang/String;+32
j  ec.com.rgt.sair.controller.XmlParse.parseTrama()[Lec/com/rgt/sair/hbm/SairGerente;+30
j  ec.com.rgt.sair.dao.ConexionADAM.updateUsuarios()V+32
j  ec.com.rgt.sair.dao.ConexionADAM.main([Ljava/lang/String;)V+0
v  ~StubRoutines::call_stub

---------------  P R O C E S S  ---------------

Threads class SMR info:
_java_thread_list=0x00000204f04c0a50, length=13, elements={
0x00000204d0312800, 0x00000204ed9ca800, 0x00000204ed9f4000, 0x00000204ee392800,
0x00000204ee393000, 0x00000204eda06800, 0x00000204eda13800, 0x00000204ee3b4800,
0x00000204eda14800, 0x00000204d03ea000, 0x00000204ee5b7800, 0x00000204ee592000,
0x00000204ee593000
}

Java Threads: ( => current thread )
  0x00000204d0312800 JavaThread "main" [_thread_blocked, id=3032, stack(0x000000a561000000,0x000000a561100000)]
  0x00000204ed9ca800 JavaThread "Reference Handler" daemon [_thread_blocked, id=7080, stack(0x000000a561700000,0x000000a561800000)]
  0x00000204ed9f4000 JavaThread "Finalizer" daemon [_thread_blocked, id=14044, stack(0x000000a561800000,0x000000a561900000)]
  0x00000204ee392800 JavaThread "Signal Dispatcher" daemon [_thread_blocked, id=14224, stack(0x000000a561900000,0x000000a561a00000)]
  0x00000204ee393000 JavaThread "Attach Listener" daemon [_thread_blocked, id=6684, stack(0x000000a561a00000,0x000000a561b00000)]
  0x00000204eda06800 JavaThread "Service Thread" daemon [_thread_blocked, id=11312, stack(0x000000a561b00000,0x000000a561c00000)]
  0x00000204eda13800 JavaThread "C2 CompilerThread0" daemon [_thread_blocked, id=2176, stack(0x000000a561c00000,0x000000a561d00000)]
  0x00000204ee3b4800 JavaThread "C1 CompilerThread0" daemon [_thread_blocked, id=12568, stack(0x000000a561d00000,0x000000a561e00000)]
  0x00000204eda14800 JavaThread "Sweeper thread" daemon [_thread_blocked, id=11380, stack(0x000000a561e00000,0x000000a561f00000)]
  0x00000204d03ea000 JavaThread "Common-Cleaner" daemon [_thread_blocked, id=7744, stack(0x000000a561f00000,0x000000a562000000)]
  0x00000204ee5b7800 JavaThread "JDWP Transport Listener: dt_socket" daemon [_thread_blocked, id=13284, stack(0x000000a562000000,0x000000a562100000)]
  0x00000204ee592000 JavaThread "JDWP Event Helper Thread" daemon [_thread_blocked, id=6656, stack(0x000000a562100000,0x000000a562200000)]
  0x00000204ee593000 JavaThread "JDWP Command Reader" daemon [_thread_in_native, id=11688, stack(0x000000a562200000,0x000000a562300000)]

Other Threads:
  0x00000204ed9c7800 VMThread "VM Thread" [stack: 0x000000a561600000,0x000000a561700000] [id=9768]
  0x00000204eebce800 WatcherThread [stack: 0x000000a562400000,0x000000a562500000] [id=9956]
  0x00000204d0327800 GCTaskThread "GC Thread#0" [stack: 0x000000a561100000,0x000000a561200000] [id=12336]
=>0x00000204eef63800 GCTaskThread "GC Thread#1" [stack: 0x000000a562300000,0x000000a562400000] [id=9032]
  0x00000204eeb7c000 GCTaskThread "GC Thread#2" [stack: 0x000000a562500000,0x000000a562600000] [id=10804]
  0x00000204d0359800 ConcurrentGCThread "G1 Main Marker" [stack: 0x000000a561200000,0x000000a561300000] [id=572]
  0x00000204d035c000 ConcurrentGCThread "G1 Conc#0" [stack: 0x000000a561300000,0x000000a561400000] [id=7400]
  0x00000204d03e1800 ConcurrentGCThread "G1 Refine#0" [stack: 0x000000a561400000,0x000000a561500000] [id=10336]
  0x00000204d03e4000 ConcurrentGCThread "G1 Young RemSet Sampling" [stack: 0x000000a561500000,0x000000a561600000] [id=4004]

Threads with active compile tasks:

VM state:at safepoint (normal execution)

VM Mutex/Monitor currently owned by a thread:  ([mutex/lock_event])
[0x00000204d030e950] Threads_lock - owner thread: 0x00000204ed9c7800
[0x00000204d030edd0] Heap_lock - owner thread: 0x00000204ee5b7800

Heap address: 0x0000000082000000, size: 2016 MB, Compressed Oops mode: 32-bit
Narrow klass base: 0x0000000000000000, Narrow klass shift: 3
Compressed class space size: 1073741824 Address: 0x0000000100000000

Heap:
 garbage-first heap   total 129024K, used 23416K [0x0000000082000000, 0x0000000100000000)
  region size 1024K, 20 young (20480K), 1 survivors (1024K)
 Metaspace       used 20840K, capacity 21144K, committed 21296K, reserved 1069056K
  class space    used 1949K, capacity 2087K, committed 2176K, reserved 1048576K
Heap Regions: E=young(eden), S=young(survivor), O=old, HS=humongous(starts), HC=humongous(continues), CS=collection set, F=free, A=archive, TAMS=top-at-mark-start (previous, next)
|   0|0x0000000082000000, 0x0000000082043000, 0x0000000082100000| 26%| O|  |TAMS 0x0000000082000000, 0x0000000082100000| Untracked 
|   1|0x0000000082100000, 0x0000000082100000, 0x0000000082200000|  0%| F|  |TAMS 0x0000000082100000, 0x0000000082100000| Untracked 
|   2|0x0000000082200000, 0x0000000082200000, 0x0000000082300000|  0%| F|  |TAMS 0x0000000082200000, 0x0000000082200000| Untracked 
|   3|0x0000000082300000, 0x0000000082300000, 0x0000000082400000|  0%| F|  |TAMS 0x0000000082300000, 0x0000000082300000| Untracked 
|   4|0x0000000082400000, 0x0000000082400000, 0x0000000082500000|  0%| F|  |TAMS 0x0000000082400000, 0x0000000082400000| Untracked 
|   5|0x0000000082500000, 0x0000000082500000, 0x0000000082600000|  0%| F|  |TAMS 0x0000000082500000, 0x0000000082500000| Untracked 
|   6|0x0000000082600000, 0x0000000082600000, 0x0000000082700000|  0%| F|  |TAMS 0x0000000082600000, 0x0000000082600000| Untracked 
|   7|0x0000000082700000, 0x0000000082700000, 0x0000000082800000|  0%| F|  |TAMS 0x0000000082700000, 0x0000000082700000| Untracked 
|   8|0x0000000082800000, 0x0000000082800000, 0x0000000082900000|  0%| F|  |TAMS 0x0000000082800000, 0x0000000082800000| Untracked 
|   9|0x0000000082900000, 0x0000000082900000, 0x0000000082a00000|  0%| F|  |TAMS 0x0000000082900000, 0x0000000082900000| Untracked 
|  10|0x0000000082a00000, 0x0000000082a00000, 0x0000000082b00000|  0%| F|  |TAMS 0x0000000082a00000, 0x0000000082a00000| Untracked 
|  11|0x0000000082b00000, 0x0000000082b00000, 0x0000000082c00000|  0%| F|  |TAMS 0x0000000082b00000, 0x0000000082b00000| Untracked 
|  12|0x0000000082c00000, 0x0000000082c00000, 0x0000000082d00000|  0%| F|  |TAMS 0x0000000082c00000, 0x0000000082c00000| Untracked 
|  13|0x0000000082d00000, 0x0000000082d00000, 0x0000000082e00000|  0%| F|  |TAMS 0x0000000082d00000, 0x0000000082d00000| Untracked 
|  14|0x0000000082e00000, 0x0000000082e00000, 0x0000000082f00000|  0%| F|  |TAMS 0x0000000082e00000, 0x0000000082e00000| Untracked 
|  15|0x0000000082f00000, 0x0000000082f00000, 0x0000000083000000|  0%| F|  |TAMS 0x0000000082f00000, 0x0000000082f00000| Untracked 
|  16|0x0000000083000000, 0x0000000083000000, 0x0000000083100000|  0%| F|  |TAMS 0x0000000083000000, 0x0000000083000000| Untracked 
|  17|0x0000000083100000, 0x0000000083100000, 0x0000000083200000|  0%| F|  |TAMS 0x0000000083100000, 0x0000000083100000| Untracked 
|  18|0x0000000083200000, 0x0000000083200000, 0x0000000083300000|  0%| F|  |TAMS 0x0000000083200000, 0x0000000083200000| Untracked 
|  19|0x0000000083300000, 0x0000000083300000, 0x0000000083400000|  0%| F|  |TAMS 0x0000000083300000, 0x0000000083300000| Untracked 
|  20|0x0000000083400000, 0x0000000083400000, 0x0000000083500000|  0%| F|  |TAMS 0x0000000083400000, 0x0000000083400000| Untracked 
|  21|0x0000000083500000, 0x0000000083500000, 0x0000000083600000|  0%| F|  |TAMS 0x0000000083500000, 0x0000000083500000| Untracked 
|  22|0x0000000083600000, 0x0000000083600000, 0x0000000083700000|  0%| F|  |TAMS 0x0000000083600000, 0x0000000083600000| Untracked 
|  23|0x0000000083700000, 0x0000000083700000, 0x0000000083800000|  0%| F|  |TAMS 0x0000000083700000, 0x0000000083700000| Untracked 
|  24|0x0000000083800000, 0x0000000083800000, 0x0000000083900000|  0%| F|  |TAMS 0x0000000083800000, 0x0000000083800000| Untracked 
|  25|0x0000000083900000, 0x0000000083900000, 0x0000000083a00000|  0%| F|  |TAMS 0x0000000083900000, 0x0000000083900000| Untracked 
|  26|0x0000000083a00000, 0x0000000083a00000, 0x0000000083b00000|  0%| F|  |TAMS 0x0000000083a00000, 0x0000000083a00000| Untracked 
|  27|0x0000000083b00000, 0x0000000083b00000, 0x0000000083c00000|  0%| F|  |TAMS 0x0000000083b00000, 0x0000000083b00000| Untracked 
|  28|0x0000000083c00000, 0x0000000083c00000, 0x0000000083d00000|  0%| F|  |TAMS 0x0000000083c00000, 0x0000000083c00000| Untracked 
|  29|0x0000000083d00000, 0x0000000083d00000, 0x0000000083e00000|  0%| F|  |TAMS 0x0000000083d00000, 0x0000000083d00000| Untracked 
|  30|0x0000000083e00000, 0x0000000083e00000, 0x0000000083f00000|  0%| F|  |TAMS 0x0000000083e00000, 0x0000000083e00000| Untracked 
|  31|0x0000000083f00000, 0x0000000083f00000, 0x0000000084000000|  0%| F|  |TAMS 0x0000000083f00000, 0x0000000083f00000| Untracked 
|  32|0x0000000084000000, 0x0000000084000000, 0x0000000084100000|  0%| F|  |TAMS 0x0000000084000000, 0x0000000084000000| Untracked 
|  33|0x0000000084100000, 0x0000000084100000, 0x0000000084200000|  0%| F|  |TAMS 0x0000000084100000, 0x0000000084100000| Untracked 
|  34|0x0000000084200000, 0x0000000084200000, 0x0000000084300000|  0%| F|  |TAMS 0x0000000084200000, 0x0000000084200000| Untracked 
|  35|0x0000000084300000, 0x0000000084300000, 0x0000000084400000|  0%| F|  |TAMS 0x0000000084300000, 0x0000000084300000| Untracked 
|  36|0x0000000084400000, 0x0000000084400000, 0x0000000084500000|  0%| F|  |TAMS 0x0000000084400000, 0x0000000084400000| Untracked 
|  37|0x0000000084500000, 0x0000000084500000, 0x0000000084600000|  0%| F|  |TAMS 0x0000000084500000, 0x0000000084500000| Untracked 
|  38|0x0000000084600000, 0x0000000084600000, 0x0000000084700000|  0%| F|  |TAMS 0x0000000084600000, 0x0000000084600000| Untracked 
|  39|0x0000000084700000, 0x0000000084700000, 0x0000000084800000|  0%| F|  |TAMS 0x0000000084700000, 0x0000000084700000| Untracked 
|  40|0x0000000084800000, 0x0000000084800000, 0x0000000084900000|  0%| F|  |TAMS 0x0000000084800000, 0x0000000084800000| Untracked 
|  41|0x0000000084900000, 0x0000000084900000, 0x0000000084a00000|  0%| F|  |TAMS 0x0000000084900000, 0x0000000084900000| Untracked 
|  42|0x0000000084a00000, 0x0000000084a00000, 0x0000000084b00000|  0%| F|  |TAMS 0x0000000084a00000, 0x0000000084a00000| Untracked 
|  43|0x0000000084b00000, 0x0000000084b00000, 0x0000000084c00000|  0%| F|  |TAMS 0x0000000084b00000, 0x0000000084b00000| Untracked 
|  44|0x0000000084c00000, 0x0000000084c00000, 0x0000000084d00000|  0%| F|  |TAMS 0x0000000084c00000, 0x0000000084c00000| Untracked 
|  45|0x0000000084d00000, 0x0000000084d00000, 0x0000000084e00000|  0%| F|  |TAMS 0x0000000084d00000, 0x0000000084d00000| Untracked 
|  46|0x0000000084e00000, 0x0000000084e193f8, 0x0000000084f00000|  9%| E|CS|TAMS 0x0000000084e00000, 0x0000000084e193f8| Complete 
|  47|0x0000000084f00000, 0x0000000085000000, 0x0000000085000000|100%| E|CS|TAMS 0x0000000084f00000, 0x0000000085000000| Complete 
|  48|0x0000000085000000, 0x0000000085100000, 0x0000000085100000|100%| E|CS|TAMS 0x0000000085000000, 0x0000000085100000| Complete 
|  49|0x0000000085100000, 0x0000000085200000, 0x0000000085200000|100%| E|CS|TAMS 0x0000000085100000, 0x0000000085200000| Complete 
|  50|0x0000000085200000, 0x0000000085300000, 0x0000000085300000|100%| E|CS|TAMS 0x0000000085200000, 0x0000000085300000| Complete 
|  51|0x0000000085300000, 0x0000000085300000, 0x0000000085400000|  0%| F|  |TAMS 0x0000000085300000, 0x0000000085300000| Untracked 
|  52|0x0000000085400000, 0x0000000085400000, 0x0000000085500000|  0%| F|  |TAMS 0x0000000085400000, 0x0000000085400000| Untracked 
|  53|0x0000000085500000, 0x0000000085500000, 0x0000000085600000|  0%| F|  |TAMS 0x0000000085500000, 0x0000000085500000| Untracked 
|  54|0x0000000085600000, 0x0000000085600000, 0x0000000085700000|  0%| F|  |TAMS 0x0000000085600000, 0x0000000085600000| Untracked 
|  55|0x0000000085700000, 0x0000000085700000, 0x0000000085800000|  0%| F|  |TAMS 0x0000000085700000, 0x0000000085700000| Untracked 
|  56|0x0000000085800000, 0x0000000085800000, 0x0000000085900000|  0%| F|  |TAMS 0x0000000085800000, 0x0000000085800000| Untracked 
|  57|0x0000000085900000, 0x0000000085900000, 0x0000000085a00000|  0%| F|  |TAMS 0x0000000085900000, 0x0000000085900000| Untracked 
|  58|0x0000000085a00000, 0x0000000085a00000, 0x0000000085b00000|  0%| F|  |TAMS 0x0000000085a00000, 0x0000000085a00000| Untracked 
|  59|0x0000000085b00000, 0x0000000085b00000, 0x0000000085c00000|  0%| F|  |TAMS 0x0000000085b00000, 0x0000000085b00000| Untracked 
|  60|0x0000000085c00000, 0x0000000085c00000, 0x0000000085d00000|  0%| F|  |TAMS 0x0000000085c00000, 0x0000000085c00000| Untracked 
|  61|0x0000000085d00000, 0x0000000085d00000, 0x0000000085e00000|  0%| F|  |TAMS 0x0000000085d00000, 0x0000000085d00000| Untracked 
|  62|0x0000000085e00000, 0x0000000085e00000, 0x0000000085f00000|  0%| F|  |TAMS 0x0000000085e00000, 0x0000000085e00000| Untracked 
|  63|0x0000000085f00000, 0x0000000085f00000, 0x0000000086000000|  0%| F|  |TAMS 0x0000000085f00000, 0x0000000085f00000| Untracked 
|  64|0x0000000086000000, 0x0000000086000000, 0x0000000086100000|  0%| F|  |TAMS 0x0000000086000000, 0x0000000086000000| Untracked 
|  65|0x0000000086100000, 0x0000000086100000, 0x0000000086200000|  0%| F|  |TAMS 0x0000000086100000, 0x0000000086100000| Untracked 
|  66|0x0000000086200000, 0x0000000086200000, 0x0000000086300000|  0%| F|  |TAMS 0x0000000086200000, 0x0000000086200000| Untracked 
|  67|0x0000000086300000, 0x0000000086300000, 0x0000000086400000|  0%| F|  |TAMS 0x0000000086300000, 0x0000000086300000| Untracked 
|  68|0x0000000086400000, 0x0000000086400000, 0x0000000086500000|  0%| F|  |TAMS 0x0000000086400000, 0x0000000086400000| Untracked 
|  69|0x0000000086500000, 0x0000000086500000, 0x0000000086600000|  0%| F|  |TAMS 0x0000000086500000, 0x0000000086500000| Untracked 
|  70|0x0000000086600000, 0x0000000086600000, 0x0000000086700000|  0%| F|  |TAMS 0x0000000086600000, 0x0000000086600000| Untracked 
|  71|0x0000000086700000, 0x0000000086700000, 0x0000000086800000|  0%| F|  |TAMS 0x0000000086700000, 0x0000000086700000| Untracked 
|  72|0x0000000086800000, 0x0000000086800000, 0x0000000086900000|  0%| F|  |TAMS 0x0000000086800000, 0x0000000086800000| Untracked 
|  73|0x0000000086900000, 0x0000000086900000, 0x0000000086a00000|  0%| F|  |TAMS 0x0000000086900000, 0x0000000086900000| Untracked 
|  74|0x0000000086a00000, 0x0000000086a00000, 0x0000000086b00000|  0%| F|  |TAMS 0x0000000086a00000, 0x0000000086a00000| Untracked 
|  75|0x0000000086b00000, 0x0000000086b00000, 0x0000000086c00000|  0%| F|  |TAMS 0x0000000086b00000, 0x0000000086b00000| Untracked 
|  76|0x0000000086c00000, 0x0000000086c00000, 0x0000000086d00000|  0%| F|  |TAMS 0x0000000086c00000, 0x0000000086c00000| Untracked 
|  77|0x0000000086d00000, 0x0000000086d00000, 0x0000000086e00000|  0%| F|  |TAMS 0x0000000086d00000, 0x0000000086d00000| Untracked 
|  78|0x0000000086e00000, 0x0000000086e00000, 0x0000000086f00000|  0%| F|  |TAMS 0x0000000086e00000, 0x0000000086e00000| Untracked 
|  79|0x0000000086f00000, 0x0000000086f00000, 0x0000000087000000|  0%| F|  |TAMS 0x0000000086f00000, 0x0000000086f00000| Untracked 
|  80|0x0000000087000000, 0x0000000087000000, 0x0000000087100000|  0%| F|  |TAMS 0x0000000087000000, 0x0000000087000000| Untracked 
|  81|0x0000000087100000, 0x0000000087100000, 0x0000000087200000|  0%| F|  |TAMS 0x0000000087100000, 0x0000000087100000| Untracked 
|  82|0x0000000087200000, 0x0000000087200000, 0x0000000087300000|  0%| F|  |TAMS 0x0000000087200000, 0x0000000087200000| Untracked 
|  83|0x0000000087300000, 0x0000000087300000, 0x0000000087400000|  0%| F|  |TAMS 0x0000000087300000, 0x0000000087300000| Untracked 
|  84|0x0000000087400000, 0x0000000087400000, 0x0000000087500000|  0%| F|  |TAMS 0x0000000087400000, 0x0000000087400000| Untracked 
|  85|0x0000000087500000, 0x0000000087500000, 0x0000000087600000|  0%| F|  |TAMS 0x0000000087500000, 0x0000000087500000| Untracked 
|  86|0x0000000087600000, 0x0000000087600000, 0x0000000087700000|  0%| F|  |TAMS 0x0000000087600000, 0x0000000087600000| Untracked 
|  87|0x0000000087700000, 0x0000000087700000, 0x0000000087800000|  0%| F|  |TAMS 0x0000000087700000, 0x0000000087700000| Untracked 
|  88|0x0000000087800000, 0x0000000087800000, 0x0000000087900000|  0%| F|  |TAMS 0x0000000087800000, 0x0000000087800000| Untracked 
|  89|0x0000000087900000, 0x0000000087900000, 0x0000000087a00000|  0%| F|  |TAMS 0x0000000087900000, 0x0000000087900000| Untracked 
|  90|0x0000000087a00000, 0x0000000087a00000, 0x0000000087b00000|  0%| F|  |TAMS 0x0000000087a00000, 0x0000000087a00000| Untracked 
|  91|0x0000000087b00000, 0x0000000087b00000, 0x0000000087c00000|  0%| F|  |TAMS 0x0000000087b00000, 0x0000000087b00000| Untracked 
|  92|0x0000000087c00000, 0x0000000087c00000, 0x0000000087d00000|  0%| F|  |TAMS 0x0000000087c00000, 0x0000000087c00000| Untracked 
|  93|0x0000000087d00000, 0x0000000087d00000, 0x0000000087e00000|  0%| F|  |TAMS 0x0000000087d00000, 0x0000000087d00000| Untracked 
|  94|0x0000000087e00000, 0x0000000087e00000, 0x0000000087f00000|  0%| F|  |TAMS 0x0000000087e00000, 0x0000000087e00000| Untracked 
|  95|0x0000000087f00000, 0x0000000087f00000, 0x0000000088000000|  0%| F|  |TAMS 0x0000000087f00000, 0x0000000087f00000| Untracked 
|  96|0x0000000088000000, 0x0000000088000000, 0x0000000088100000|  0%| F|  |TAMS 0x0000000088000000, 0x0000000088000000| Untracked 
|  97|0x0000000088100000, 0x0000000088100000, 0x0000000088200000|  0%| F|  |TAMS 0x0000000088100000, 0x0000000088100000| Untracked 
|  98|0x0000000088200000, 0x0000000088200000, 0x0000000088300000|  0%| F|  |TAMS 0x0000000088200000, 0x0000000088200000| Untracked 
|  99|0x0000000088300000, 0x0000000088300000, 0x0000000088400000|  0%| F|  |TAMS 0x0000000088300000, 0x0000000088300000| Untracked 
| 100|0x0000000088400000, 0x0000000088400000, 0x0000000088500000|  0%| F|  |TAMS 0x0000000088400000, 0x0000000088400000| Untracked 
| 101|0x0000000088500000, 0x0000000088500000, 0x0000000088600000|  0%| F|  |TAMS 0x0000000088500000, 0x0000000088500000| Untracked 
| 102|0x0000000088600000, 0x0000000088600000, 0x0000000088700000|  0%| F|  |TAMS 0x0000000088600000, 0x0000000088600000| Untracked 
| 103|0x0000000088700000, 0x0000000088700000, 0x0000000088800000|  0%| F|  |TAMS 0x0000000088700000, 0x0000000088700000| Untracked 
| 104|0x0000000088800000, 0x0000000088800000, 0x0000000088900000|  0%| F|  |TAMS 0x0000000088800000, 0x0000000088800000| Untracked 
| 105|0x0000000088900000, 0x0000000088900000, 0x0000000088a00000|  0%| F|  |TAMS 0x0000000088900000, 0x0000000088900000| Untracked 
| 106|0x0000000088a00000, 0x0000000088ad6fe0, 0x0000000088b00000| 83%| S|  |TAMS 0x0000000088a00000, 0x0000000088a00000| Complete 
| 107|0x0000000088b00000, 0x0000000088b81f20, 0x0000000088c00000| 50%| E|CS|TAMS 0x0000000088b00000, 0x0000000088b81f20| Complete 
| 108|0x0000000088c00000, 0x0000000088d00000, 0x0000000088d00000|100%| E|CS|TAMS 0x0000000088c00000, 0x0000000088d00000| Complete 
| 109|0x0000000088d00000, 0x0000000088e00000, 0x0000000088e00000|100%| E|CS|TAMS 0x0000000088d00000, 0x0000000088e00000| Complete 
| 110|0x0000000088e00000, 0x0000000088f00000, 0x0000000088f00000|100%| E|CS|TAMS 0x0000000088e00000, 0x0000000088f00000| Complete 
| 111|0x0000000088f00000, 0x0000000089000000, 0x0000000089000000|100%| E|CS|TAMS 0x0000000088f00000, 0x0000000089000000| Complete 
| 112|0x0000000089000000, 0x0000000089100000, 0x0000000089100000|100%| E|CS|TAMS 0x0000000089000000, 0x0000000089100000| Complete 
| 113|0x0000000089100000, 0x0000000089200000, 0x0000000089200000|100%| E|CS|TAMS 0x0000000089100000, 0x0000000089200000| Complete 
| 114|0x0000000089200000, 0x0000000089300000, 0x0000000089300000|100%| E|CS|TAMS 0x0000000089200000, 0x0000000089300000| Complete 
| 115|0x0000000089300000, 0x0000000089400000, 0x0000000089400000|100%| E|CS|TAMS 0x0000000089300000, 0x0000000089400000| Complete 
| 116|0x0000000089400000, 0x0000000089500000, 0x0000000089500000|100%| E|CS|TAMS 0x0000000089400000, 0x0000000089500000| Complete 
| 117|0x0000000089500000, 0x0000000089600000, 0x0000000089600000|100%| E|CS|TAMS 0x0000000089500000, 0x0000000089600000| Complete 
| 118|0x0000000089600000, 0x0000000089700000, 0x0000000089700000|100%| E|CS|TAMS 0x0000000089600000, 0x0000000089700000| Complete 
| 119|0x0000000089700000, 0x0000000089800000, 0x0000000089800000|100%| E|CS|TAMS 0x0000000089700000, 0x0000000089800000| Complete 
| 120|0x0000000089800000, 0x0000000089900000, 0x0000000089900000|100%| E|CS|TAMS 0x0000000089800000, 0x0000000089900000| Complete 
| 121|0x0000000089900000, 0x0000000089a00000, 0x0000000089a00000|100%| E|CS|TAMS 0x0000000089900000, 0x0000000089a00000| Complete 
| 122|0x0000000089a00000, 0x0000000089b00000, 0x0000000089b00000|100%| E|CS|TAMS 0x0000000089a00000, 0x0000000089b00000| Complete 
| 123|0x0000000089b00000, 0x0000000089c00000, 0x0000000089c00000|100%| E|CS|TAMS 0x0000000089b00000, 0x0000000089c00000| Complete 
| 124|0x0000000089c00000, 0x0000000089d00000, 0x0000000089d00000|100%| E|CS|TAMS 0x0000000089c00000, 0x0000000089d00000| Complete 
| 125|0x0000000089d00000, 0x0000000089e00000, 0x0000000089e00000|100%| E|CS|TAMS 0x0000000089d00000, 0x0000000089e00000| Complete 

Card table byte_map: [0x00000204e6e00000,0x00000204e71f0000] _byte_map_base: 0x00000204e69f0000

Marking Bits (Prev, Next): (CMBitMap*) 0x00000204d0350ea8, (CMBitMap*) 0x00000204d0350ee0
 Prev Bits: [0x00000204e75e0000, 0x00000204e9560000)
 Next Bits: [0x00000204e9560000, 0x00000204eb4e0000)

Polling page: 0x00000204ce290000

Metaspace:

Usage:
  Non-class:     18.61 MB capacity,    18.45 MB (>99%) used,   135.34 KB ( <1%) free+waste,    30.62 KB ( <1%) overhead. 
      Class:      2.04 MB capacity,     1.90 MB ( 93%) used,   124.94 KB (  6%) free+waste,    12.75 KB ( <1%) overhead. 
       Both:     20.65 MB capacity,    20.35 MB ( 99%) used,   260.27 KB (  1%) free+waste,    43.38 KB ( <1%) overhead. 

Virtual space:
  Non-class space:       20.00 MB reserved,      18.67 MB ( 93%) committed 
      Class space:        1.00 GB reserved,       2.12 MB ( <1%) committed 
             Both:        1.02 GB reserved,      20.80 MB (  2%) committed 

Chunk freelists:
   Non-Class:  1.88 KB
       Class:  3.12 KB
        Both:  5.00 KB

CodeHeap 'non-profiled nmethods': size=120064Kb used=1372Kb max_used=1372Kb free=118691Kb
 bounds [0x00000204df4d0000, 0x00000204df740000, 0x00000204e6a10000]
CodeHeap 'profiled nmethods': size=120000Kb used=4666Kb max_used=4666Kb free=115333Kb
 bounds [0x00000204d7fa0000, 0x00000204d8430000, 0x00000204df4d0000]
CodeHeap 'non-nmethods': size=5696Kb used=1218Kb max_used=1336Kb free=4478Kb
 bounds [0x00000204d7a10000, 0x00000204d7c80000, 0x00000204d7fa0000]
 total_blobs=2742 nmethods=2283 adapters=378
 compilation: enabled
              stopped_count=0, restarted_count=0
 full_count=0

Compilation events (10 events):
Event: 24.738 Thread 0x00000204ef6ca000 nmethod 2227 0x00000204df60ad10 code [0x00000204df60afc0, 0x00000204df60d668]
Event: 24.984 Thread 0x00000204eda13800 nmethod 2226 0x00000204df60eb90 code [0x00000204df60eee0, 0x00000204df613e50]
Event: 2004.324 Thread 0x00000204ee3b4800 2301       3       java.lang.ref.ReferenceQueue::reallyPoll (65 bytes)
Event: 2004.435 Thread 0x00000204ee3b4800 nmethod 2301 0x00000204d842e290 code [0x00000204d842e460, 0x00000204d842e958]
Event: 2004.727 Thread 0x00000204eda13800 2302       4       org.eclipse.jdt.launching.internal.org.objectweb.asm.MethodWriter::setMethodAttributesSource (17 bytes)
Event: 2004.730 Thread 0x00000204eda13800 nmethod 2302 0x00000204df616110 code [0x00000204df616280, 0x00000204df6162f8]
Event: 2361.987 Thread 0x00000204eda13800 2303       4       org.eclipse.jdt.launching.internal.org.objectweb.asm.ClassReader::<init> (371 bytes)
Event: 2362.345 Thread 0x00000204eda13800 nmethod 2303 0x00000204df616390 code [0x00000204df616540, 0x00000204df616f88]
Event: 2362.346 Thread 0x00000204eda13800 2304 %     4       org.eclipse.jdt.launching.internal.org.objectweb.asm.SymbolTable::<init> @ 98 (536 bytes)
Event: 2363.332 Thread 0x00000204eda13800 nmethod 2304% 0x00000204df617410 code [0x00000204df617860, 0x00000204df621c10]

GC Heap History (5 events):
Event: 22.013 GC heap before
{Heap before GC invocations=0 (full 0):
 garbage-first heap   total 129024K, used 13312K [0x0000000082000000, 0x0000000100000000)
  region size 1024K, 14 young (14336K), 0 survivors (0K)
 Metaspace       used 12427K, capacity 12657K, committed 12800K, reserved 1060864K
  class space    used 1132K, capacity 1219K, committed 1280K, reserved 1048576K
}
Event: 22.019 GC heap after
{Heap after GC invocations=1 (full 0):
 garbage-first heap   total 129024K, used 2316K [0x0000000082000000, 0x0000000100000000)
  region size 1024K, 2 young (2048K), 2 survivors (2048K)
 Metaspace       used 12427K, capacity 12657K, committed 12800K, reserved 1060864K
  class space    used 1132K, capacity 1219K, committed 1280K, reserved 1048576K
}
Event: 23.994 GC heap before
{Heap before GC invocations=1 (full 0):
 garbage-first heap   total 129024K, used 77068K [0x0000000082000000, 0x0000000100000000)
  region size 1024K, 75 young (76800K), 2 survivors (2048K)
 Metaspace       used 17083K, capacity 17319K, committed 17408K, reserved 1064960K
  class space    used 1620K, capacity 1728K, committed 1792K, reserved 1048576K
}
Event: 24.002 GC heap after
{Heap after GC invocations=2 (full 0):
 garbage-first heap   total 129024K, used 4464K [0x0000000082000000, 0x0000000100000000)
  region size 1024K, 5 young (5120K), 5 survivors (5120K)
 Metaspace       used 17083K, capacity 17319K, committed 17408K, reserved 1064960K
  class space    used 1620K, capacity 1728K, committed 1792K, reserved 1048576K
}
Event: 3521.618 GC heap before
{Heap before GC invocations=2 (full 0):
 garbage-first heap   total 129024K, used 22896K [0x0000000082000000, 0x0000000100000000)
  region size 1024K, 24 young (24576K), 5 survivors (5120K)
 Metaspace       used 20840K, capacity 21144K, committed 21296K, reserved 1069056K
  class space    used 1949K, capacity 2087K, committed 2176K, reserved 1048576K
}

Deoptimization events (10 events):
Event: 22.123 Thread 0x00000204d0312800 Uncommon trap: reason=unstable_if action=reinterpret pc=0x00000204df5171dc method=java.lang.StringUTF16.compress([CII)[B @ 13 c2
Event: 22.231 Thread 0x00000204d0312800 Uncommon trap: reason=unstable_if action=reinterpret pc=0x00000204df50df8c method=org.eclipse.jdt.launching.internal.org.objectweb.asm.ByteVector.putShort(I)Lorg/eclipse/jdt/launching/internal/org/objectweb/asm/ByteVector; @ 13 c2
Event: 22.368 Thread 0x00000204d0312800 Uncommon trap: reason=unstable_if action=reinterpret pc=0x00000204df525cec method=com.sun.org.apache.xerces.internal.impl.XMLEntityScanner.skipSpaces()Z @ 14 c2
Event: 22.806 Thread 0x00000204d0312800 Uncommon trap: reason=profile_predicate action=maybe_recompile pc=0x00000204df55e0e4 method=com.sun.org.apache.xerces.internal.impl.dtd.XMLDTDProcessor.attributeDecl(Ljava/lang/String;Ljava/lang/String;Ljava/lang/String;[Ljava/lang/String;Ljava/lang/Strin
Event: 22.806 Thread 0x00000204d0312800 Uncommon trap: reason=profile_predicate action=maybe_recompile pc=0x00000204df55e0e4 method=com.sun.org.apache.xerces.internal.impl.dtd.XMLDTDProcessor.attributeDecl(Ljava/lang/String;Ljava/lang/String;Ljava/lang/String;[Ljava/lang/String;Ljava/lang/Strin
Event: 22.806 Thread 0x00000204d0312800 Uncommon trap: reason=profile_predicate action=maybe_recompile pc=0x00000204df55e0e4 method=com.sun.org.apache.xerces.internal.impl.dtd.XMLDTDProcessor.attributeDecl(Ljava/lang/String;Ljava/lang/String;Ljava/lang/String;[Ljava/lang/String;Ljava/lang/Strin
Event: 22.806 Thread 0x00000204d0312800 Uncommon trap: reason=profile_predicate action=maybe_recompile pc=0x00000204df55e0e4 method=com.sun.org.apache.xerces.internal.impl.dtd.XMLDTDProcessor.attributeDecl(Ljava/lang/String;Ljava/lang/String;Ljava/lang/String;[Ljava/lang/String;Ljava/lang/Strin
Event: 23.770 Thread 0x00000204d0312800 Uncommon trap: reason=unstable_if action=reinterpret pc=0x00000204df563240 method=com.sun.org.apache.xerces.internal.impl.XMLEntityScanner.scanLiteral(ILcom/sun/org/apache/xerces/internal/xni/XMLString;Z)I @ 134 c2
Event: 23.779 Thread 0x00000204d0312800 Uncommon trap: reason=unstable_if action=reinterpret pc=0x00000204df523f14 method=java.util.HashMap.hash(Ljava/lang/Object;)I @ 1 c2
Event: 24.249 Thread 0x00000204d0312800 Uncommon trap: reason=unstable_if action=reinterpret pc=0x00000204df530c18 method=sun.net.www.ParseUtil.firstEncodeIndex(Ljava/lang/String;)I @ 51 c2

Classes redefined (10 events):
Event: 2006.086 Thread 0x00000204ed9c7800 redefined class name=ec.com.rgt.sair.hbm.GruposMenuId, count=1
Event: 2128.614 Thread 0x00000204ed9c7800 redefined class name=ec.com.rgt.sair.dao.ConexionADAM, count=3
Event: 2362.188 Thread 0x00000204ed9c7800 redefined class name=ec.com.rgt.sair.dao.ConexionADAM, count=4
Event: 2363.402 Thread 0x00000204ed9c7800 redefined class name=ec.com.rgt.sair.dao.ConexionADAM, count=5
Event: 2468.264 Thread 0x00000204ed9c7800 redefined class name=ec.com.rgt.sair.dao.ConexionADAM, count=6
Event: 2864.446 Thread 0x00000204ed9c7800 redefined class name=ec.com.rgt.sair.dao.ConexionADAM, count=7
Event: 3163.213 Thread 0x00000204ed9c7800 redefined class name=ec.com.rgt.sair.dao.ConexionADAM, count=8
Event: 3225.389 Thread 0x00000204ed9c7800 redefined class name=ec.com.rgt.sair.dao.ConexionADAM, count=9
Event: 3280.853 Thread 0x00000204ed9c7800 redefined class name=ec.com.rgt.sair.dao.ConexionADAM, count=10
Event: 3457.890 Thread 0x00000204ed9c7800 redefined class name=ec.com.rgt.sair.dao.ConexionADAM, count=11

Internal exceptions (10 events):
Event: 24.279 Thread 0x00000204d0312800 Exception <a 'java/lang/NoSuchMethodError'{0x000000008978f4d0}: static Loracle/sql/converter/CharacterConverter1Byte;.<clinit>()V> (0x000000008978f4d0) thrown at [./open/src/hotspot/share/prims/jni.cpp, line 1366]
Event: 24.541 Thread 0x00000204d0312800 Exception <a 'java/lang/NoSuchMethodError'{0x0000000088f17240}: java.lang.invoke.DirectMethodHandle$Holder.invokeStatic(Ljava/lang/Object;Ljava/lang/Object;Ljava/lang/Object;Ljava/lang/Object;Ljava/lang/Object;Ljava/lang/Object;Ljava/lang/Object;Ljava/lan
Event: 24.543 Thread 0x00000204d0312800 Exception <a 'java/lang/NoSuchMethodError'{0x0000000088f36458}: java.lang.invoke.DirectMethodHandle$Holder.invokeStatic(Ljava/lang/Object;Ljava/lang/Object;Ljava/lang/Object;Ljava/lang/Object;Ljava/lang/Object;Ljava/lang/Object;Ljava/lang/Object;Ljava/lan
Event: 24.546 Thread 0x00000204d0312800 Exception <a 'java/lang/NoSuchMethodError'{0x0000000088f566e8}: java.lang.invoke.DirectMethodHandle$Holder.invokeStatic(Ljava/lang/Object;Ljava/lang/Object;Ljava/lang/Object;Ljava/lang/Object;Ljava/lang/Object;Ljava/lang/Object;Ljava/lang/Object;Ljava/lan
Event: 24.548 Thread 0x00000204d0312800 Exception <a 'java/lang/NoSuchMethodError'{0x0000000088f77f98}: java.lang.invoke.DirectMethodHandle$Holder.invokeStatic(Ljava/lang/Object;Ljava/lang/Object;Ljava/lang/Object;Ljava/lang/Object;Ljava/lang/Object;Ljava/lang/Object;Ljava/lang/Object;Ljava/lan
Event: 24.550 Thread 0x00000204d0312800 Exception <a 'java/lang/ClassNotFoundException'{0x0000000088f87d30}: org/hibernate/event/EventListenersBeanInfo> (0x0000000088f87d30) thrown at [./open/src/hotspot/share/classfile/systemDictionary.cpp, line 226]
Event: 24.551 Thread 0x00000204d0312800 Exception <a 'java/lang/ClassNotFoundException'{0x0000000088f8b590}: org/hibernate/util/CloneableBeanInfo> (0x0000000088f8b590) thrown at [./open/src/hotspot/share/classfile/systemDictionary.cpp, line 226]
Event: 24.556 Thread 0x00000204d0312800 Exception <a 'java/lang/ClassNotFoundException'{0x0000000088fb6570}: org/hibernate/util/CloneableCustomizer> (0x0000000088fb6570) thrown at [./open/src/hotspot/share/classfile/systemDictionary.cpp, line 226]
Event: 24.561 Thread 0x00000204d0312800 Exception <a 'java/lang/ClassNotFoundException'{0x0000000088fdba48}: org/hibernate/event/EventListenersCustomizer> (0x0000000088fdba48) thrown at [./open/src/hotspot/share/classfile/systemDictionary.cpp, line 226]
Event: 24.582 Thread 0x00000204d0312800 Exception <a 'java/lang/NoClassDefFoundError'{0x0000000088e8e2c8}: org/apache/commons/collections/map/LRUMap> (0x0000000088e8e2c8) thrown at [./open/src/hotspot/share/classfile/systemDictionary.cpp, line 215]

Events (10 events):
Event: 3520.803 Executing VM operation: EnterInterpOnlyMode done
Event: 3520.803 Executing VM operation: ChangeSingleStep
Event: 3520.803 Executing VM operation: ChangeSingleStep done
Event: 3520.803 Executing VM operation: ChangeSingleStep
Event: 3520.804 Executing VM operation: ChangeSingleStep done
Event: 3520.804 Executing VM operation: GetFrameCount
Event: 3520.804 Executing VM operation: GetFrameCount done
Event: 3520.804 Executing VM operation: GetStackTrace
Event: 3520.804 Executing VM operation: GetStackTrace done
Event: 3521.598 Executing VM operation: CollectForMetadataAllocation


Dynamic libraries:
0x00007ff7bce40000 - 0x00007ff7bce50000 	C:\Program Files\Java\jdk-11\bin\javaw.exe
0x00007ffba6d90000 - 0x00007ffba6f88000 	C:\Windows\SYSTEM32\ntdll.dll
0x00007ffba5b80000 - 0x00007ffba5c3d000 	C:\Windows\System32\KERNEL32.DLL
0x00007ffba44e0000 - 0x00007ffba47d6000 	C:\Windows\System32\KERNELBASE.dll
0x00007ffba4810000 - 0x00007ffba4910000 	C:\Windows\System32\ucrtbase.dll
0x00007ffb9b8b0000 - 0x00007ffb9b8cb000 	C:\Program Files\Java\jdk-11\bin\VCRUNTIME140.dll
0x00007ffb9b900000 - 0x00007ffb9b919000 	C:\Program Files\Java\jdk-11\bin\jli.dll
0x00007ffba6510000 - 0x00007ffba65c0000 	C:\Windows\System32\ADVAPI32.dll
0x00007ffba4ff0000 - 0x00007ffba508e000 	C:\Windows\System32\msvcrt.dll
0x00007ffba4dc0000 - 0x00007ffba4e60000 	C:\Windows\System32\sechost.dll
0x00007ffba5980000 - 0x00007ffba5aa3000 	C:\Windows\System32\RPCRT4.dll
0x00007ffba4b00000 - 0x00007ffba4b27000 	C:\Windows\System32\bcrypt.dll
0x00007ffba6a70000 - 0x00007ffba6c0f000 	C:\Windows\System32\USER32.dll
0x00007ffba47e0000 - 0x00007ffba4802000 	C:\Windows\System32\win32u.dll
0x00007ffb8c9e0000 - 0x00007ffb8cc7a000 	C:\Windows\WinSxS\amd64_microsoft.windows.common-controls_6595b64144ccf1df_6.0.19041.3636_none_60b6a03d71f818d5\COMCTL32.dll
0x00007ffba6a40000 - 0x00007ffba6a6b000 	C:\Windows\System32\GDI32.dll
0x00007ffba4b30000 - 0x00007ffba4c47000 	C:\Windows\System32\gdi32full.dll
0x00007ffba4440000 - 0x00007ffba44dd000 	C:\Windows\System32\msvcp_win.dll
0x00007ffb9cde0000 - 0x00007ffb9cdea000 	C:\Windows\SYSTEM32\VERSION.dll
0x00007ffba62c0000 - 0x00007ffba62f2000 	C:\Windows\System32\IMM32.DLL
0x00007ffb9d930000 - 0x00007ffb9d93c000 	C:\Program Files\Java\jdk-11\bin\vcruntime140_1.dll
0x00007ffb7e860000 - 0x00007ffb7e8ee000 	C:\Program Files\Java\jdk-11\bin\msvcp140.dll
0x00007ffb72020000 - 0x00007ffb72b8e000 	C:\Program Files\Java\jdk-11\bin\server\jvm.dll
0x00007ffba5090000 - 0x00007ffba5098000 	C:\Windows\System32\PSAPI.DLL
0x00007ffb8c0d0000 - 0x00007ffb8c0d9000 	C:\Windows\SYSTEM32\WSOCK32.dll
0x00007ffb8bc90000 - 0x00007ffb8bcb7000 	C:\Windows\SYSTEM32\WINMM.dll
0x00007ffba6c10000 - 0x00007ffba6c7b000 	C:\Windows\System32\WS2_32.dll
0x00007ffba2a80000 - 0x00007ffba2a92000 	C:\Windows\SYSTEM32\kernel.appcore.dll
0x00007ffb9d910000 - 0x00007ffb9d920000 	C:\Program Files\Java\jdk-11\bin\verify.dll
0x00007ffba1fa0000 - 0x00007ffba2184000 	C:\Windows\SYSTEM32\DBGHELP.DLL
0x00007ffb900f0000 - 0x00007ffb90124000 	C:\Windows\SYSTEM32\dbgcore.DLL
0x00007ffba4910000 - 0x00007ffba4992000 	C:\Windows\System32\bcryptPrimitives.dll
0x00007ffb9b880000 - 0x00007ffb9b8a8000 	C:\Program Files\Java\jdk-11\bin\java.dll
0x00007ffb9d450000 - 0x00007ffb9d45a000 	C:\Program Files\Java\jdk-11\bin\jimage.dll
0x00007ffb7edb0000 - 0x00007ffb7ede8000 	C:\Program Files\Java\jdk-11\bin\jdwp.dll
0x00007ffb9cbc0000 - 0x00007ffb9cbce000 	C:\Program Files\Java\jdk-11\bin\instrument.dll
0x00007ffb936c0000 - 0x00007ffb936d7000 	C:\Program Files\Java\jdk-11\bin\zip.dll
0x00007ffba5210000 - 0x00007ffba597b000 	C:\Windows\System32\SHELL32.dll
0x00007ffba22d0000 - 0x00007ffba2a6e000 	C:\Windows\SYSTEM32\windows.storage.dll
0x00007ffba5f00000 - 0x00007ffba6253000 	C:\Windows\System32\combase.dll
0x00007ffba3e00000 - 0x00007ffba3e2e000 	C:\Windows\SYSTEM32\Wldp.dll
0x00007ffba5ab0000 - 0x00007ffba5b7d000 	C:\Windows\System32\OLEAUT32.dll
0x00007ffba6c80000 - 0x00007ffba6d2d000 	C:\Windows\System32\SHCORE.dll
0x00007ffba6260000 - 0x00007ffba62b5000 	C:\Windows\System32\shlwapi.dll
0x00007ffba4370000 - 0x00007ffba4393000 	C:\Windows\SYSTEM32\profapi.dll
0x00007ffb9b8f0000 - 0x00007ffb9b8fb000 	C:\Program Files\Java\jdk-11\bin\dt_socket.dll
0x00007ffba3b60000 - 0x00007ffba3bca000 	C:\Windows\System32\mswsock.dll
0x00007ffba3880000 - 0x00007ffba394b000 	C:\Windows\SYSTEM32\DNSAPI.dll
0x00007ffba3840000 - 0x00007ffba387b000 	C:\Windows\SYSTEM32\IPHLPAPI.DLL
0x00007ffba6a30000 - 0x00007ffba6a38000 	C:\Windows\System32\NSI.dll
0x00007ffb9ee10000 - 0x00007ffb9ee90000 	C:\Windows\System32\fwpuclnt.dll
0x00007ffb8fa90000 - 0x00007ffb8fa9a000 	C:\Windows\System32\rasadhlp.dll
0x00007ffb8ff30000 - 0x00007ffb8ff49000 	C:\Program Files\Java\jdk-11\bin\net.dll
0x00007ffb93480000 - 0x00007ffb9358a000 	C:\Windows\SYSTEM32\WINHTTP.dll
0x00007ffb8a360000 - 0x00007ffb8a372000 	C:\Program Files\Java\jdk-11\bin\nio.dll
0x00007ffb9e6c0000 - 0x00007ffb9e6d7000 	C:\Windows\system32\napinsp.dll
0x00007ffb9ccb0000 - 0x00007ffb9cccb000 	C:\Windows\system32\pnrpnsp.dll
0x00007ffb9e660000 - 0x00007ffb9e675000 	C:\Windows\system32\wshbth.dll
0x00007ffb9b830000 - 0x00007ffb9b84d000 	C:\Windows\system32\NLAapi.dll
0x00007ffb9f1e0000 - 0x00007ffb9f1f2000 	C:\Windows\System32\winrnr.dll

dbghelp: loaded successfully - version: 4.0.5 - missing functions: none
symbol engine: initialized successfully - sym options: 0x614 - pdb path: .;C:\Program Files\Java\jdk-11\bin;C:\Windows\SYSTEM32;C:\Windows\WinSxS\amd64_microsoft.windows.common-controls_6595b64144ccf1df_6.0.19041.3636_none_60b6a03d71f818d5;C:\Program Files\Java\jdk-11\bin\server

VM Arguments:
jvm_args: -agentlib:jdwp=transport=dt_socket,suspend=y,address=localhost:54988 -javaagent:C:\eclipse\configuration\org.eclipse.osgi\424\0\.cp\lib\javaagent-shaded.jar -Dfile.encoding=UTF-8 
java_command: ec.com.rgt.sair.dao.ConexionADAM
java_class_path (initial): E:\sairWebServices\build\classes;E:\sairWebServices\src\main\webapp\WEB-INF\lib\commons-codec-1.15.jar;E:\sairWebServices\src\main\webapp\WEB-INF\lib\commons-io-1.3.1.jar;E:\sairWebServices\src\main\webapp\WEB-INF\lib\dom4j-2.1.3.jar;E:\sairWebServices\src\main\webapp\WEB-INF\lib\getAccountIAM.jar;E:\sairWebServices\src\main\webapp\WEB-INF\lib\hibernate-annotations-3.4.0.GA.jar;E:\sairWebServices\src\main\webapp\WEB-INF\lib\hibernate-commons-annotations-3.1.0.GA.jar;E:\sairWebServices\src\main\webapp\WEB-INF\lib\hibernate-core-3.3.2.GA.jar;E:\sairWebServices\src\main\webapp\WEB-INF\lib\hibernate-entitymanager-3.4.0.GA.jar;E:\sairWebServices\src\main\webapp\WEB-INF\lib\hibernate-jpa-2.0-api-1.0.1.Final.jar;E:\sairWebServices\src\main\webapp\WEB-INF\lib\javax.jws-api-1.1.jar;E:\sairWebServices\src\main\webapp\WEB-INF\lib\jaxb-api-2.3.1.jar;E:\sairWebServices\src\main\webapp\WEB-INF\lib\jaxrpc-api-1.1.jar;E:\sairWebServices\src\main\webapp\WEB-INF\lib\jaxrpc.jar;E:\sairWebServices\src\main\webapp\WEB-INF\lib\ojdbc14-10.2.0.4.0.jar;E:\sairWebServices\src\main\webapp\WEB-INF\lib\slf4j-api-1.6.2.jar;E:\sairWebServices\src\main\webapp\WEB-INF\lib\slf4j-simple-1.6.2.jar;E:\sairWebServices\src\main\webapp\WEB-INF\lib\wsdl4j.jar
Launcher Type: SUN_STANDARD

[Global flags]
     intx CICompilerCount                          = 3                                         {product} {ergonomic}
     uint ConcGCThreads                            = 1                                         {product} {ergonomic}
     uint G1ConcRefinementThreads                  = 4                                         {product} {ergonomic}
   size_t G1HeapRegionSize                         = 1048576                                   {product} {ergonomic}
    uintx GCDrainStackTargetSize                   = 64                                        {product} {ergonomic}
   size_t InitialHeapSize                          = 132120576                                 {product} {ergonomic}
   size_t MarkStackSize                            = 4194304                                   {product} {ergonomic}
   size_t MaxHeapSize                              = 2113929216                                {product} {ergonomic}
   size_t MaxNewSize                               = 1267728384                                {product} {ergonomic}
   size_t MinHeapDeltaBytes                        = 1048576                                   {product} {ergonomic}
    uintx NonNMethodCodeHeapSize                   = 5830732                                {pd product} {ergonomic}
    uintx NonProfiledCodeHeapSize                  = 122913754                              {pd product} {ergonomic}
    uintx ProfiledCodeHeapSize                     = 122913754                              {pd product} {ergonomic}
    uintx ReservedCodeCacheSize                    = 251658240                              {pd product} {ergonomic}
     bool SegmentedCodeCache                       = true                                      {product} {ergonomic}
     bool UseCompressedClassPointers               = true                                 {lp64_product} {ergonomic}
     bool UseCompressedOops                        = true                                 {lp64_product} {ergonomic}
     bool UseG1GC                                  = true                                      {product} {ergonomic}
     bool UseLargePagesIndividualAllocation        = false                                  {pd product} {ergonomic}

Logging:
Log output configuration:
 #0: stdout all=warning uptime,level,tags
 #1: stderr all=off uptime,level,tags

Environment Variables:
JAVA_HOME=C:\Program Files\Java\jdk-17\bin
PATH=C:/Program Files/Java/jdk-17/bin/server;C:/Program Files/Java/jdk-17/bin;C:\Program Files\Java\jdk-17\bin;C:\Program Files\Common Files\Oracle\Java\javapath;C:\Windows\system32;C:\Windows;C:\Windows\System32\Wbem;C:\Windows\System32\WindowsPowerShell\v1.0\;C:\Windows\System32\OpenSSH\;C:\Users\temporal\AppData\Local\Microsoft\WindowsApps;C:\Users\temporal\AppData\Local\Programs\Microsoft VS Code\bin;C:\eclipse;
USERNAME=temporal
OS=Windows_NT
PROCESSOR_IDENTIFIER=Intel64 Family 6 Model 142 Stepping 9, GenuineIntel



---------------  S Y S T E M  ---------------

OS: Windows 10 , 64 bit Build 19041 (10.0.19041.3636)

CPU:total 4 (initial active 4) (2 cores per cpu, 2 threads per core) family 6 model 142 stepping 9 microcode 0xb4, cmov, cx8, fxsr, mmx, sse, sse2, sse3, ssse3, sse4.1, sse4.2, popcnt, avx, avx2, aes, clmul, erms, 3dnowpref, lzcnt, ht, tsc, tscinvbit, bmi1, bmi2, adx, fma

Memory: 4k page, system-wide physical 8057M (1565M free)
TotalPageFile size 13421M (AvailPageFile size 4425M)
current process WorkingSet (physical memory assigned to process): 59M, peak: 202M
current process commit charge ("private bytes"): 221M, peak: 281M

vm_info: Java HotSpot(TM) 64-Bit Server VM (11.0.22+9-LTS-219) for windows-amd64 JRE (11.0.22+9-LTS-219), built on Dec 19 2023 22:08:21 by "mach5one" with MS VC++ 17.1 (VS2022)

END.
